  UI.cpp
c:\users\bossu\desktop\oop-lab2-3\consoleapplication3\domaincountry.h(16): warning C4091: 'typedef ': ignored on left of 'Country' when no variable is declared
c:\users\bossu\desktop\oop-lab2-3\consoleapplication3\domaincountry.h(23): warning C4091: 'typedef ': ignored on left of 'Operation' when no variable is declared
c:\users\bossu\desktop\oop-lab2-3\consoleapplication3\repo.h(13): warning C4091: 'typedef ': ignored on left of 'countryRepo' when no variable is declared
c:\users\bossu\desktop\oop-lab2-3\consoleapplication3\controller.h(9): warning C4091: 'typedef ': ignored on left of 'Controller' when no variable is declared
c:\users\bossu\desktop\oop-lab2-3\consoleapplication3\ui.h(10): warning C4091: 'typedef ': ignored on left of 'UI' when no variable is declared
c:\users\bossu\desktop\oop-lab2-3\consoleapplication3\ui.cpp(93): warning C4996: 'scanf': This function or variable may be unsafe. Consider using scanf_s instead. To disable deprecation, use _CRT_SECURE_NO_WARNINGS. See online help for details.
  f:\standalonesdk\include\10.0.10240.0\ucrt\stdio.h(1270): note: see declaration of 'scanf'
c:\users\bossu\desktop\oop-lab2-3\consoleapplication3\ui.cpp(95): warning C4996: 'scanf': This function or variable may be unsafe. Consider using scanf_s instead. To disable deprecation, use _CRT_SECURE_NO_WARNINGS. See online help for details.
  f:\standalonesdk\include\10.0.10240.0\ucrt\stdio.h(1270): note: see declaration of 'scanf'
c:\users\bossu\desktop\oop-lab2-3\consoleapplication3\ui.cpp(115): warning C4996: 'scanf': This function or variable may be unsafe. Consider using scanf_s instead. To disable deprecation, use _CRT_SECURE_NO_WARNINGS. See online help for details.
  f:\standalonesdk\include\10.0.10240.0\ucrt\stdio.h(1270): note: see declaration of 'scanf'
c:\users\bossu\desktop\oop-lab2-3\consoleapplication3\ui.cpp(126): warning C4996: 'scanf': This function or variable may be unsafe. Consider using scanf_s instead. To disable deprecation, use _CRT_SECURE_NO_WARNINGS. See online help for details.
  f:\standalonesdk\include\10.0.10240.0\ucrt\stdio.h(1270): note: see declaration of 'scanf'
c:\users\bossu\desktop\oop-lab2-3\consoleapplication3\ui.cpp(128): warning C4996: 'scanf': This function or variable may be unsafe. Consider using scanf_s instead. To disable deprecation, use _CRT_SECURE_NO_WARNINGS. See online help for details.
  f:\standalonesdk\include\10.0.10240.0\ucrt\stdio.h(1270): note: see declaration of 'scanf'
c:\users\bossu\desktop\oop-lab2-3\consoleapplication3\ui.cpp(130): warning C4996: 'scanf': This function or variable may be unsafe. Consider using scanf_s instead. To disable deprecation, use _CRT_SECURE_NO_WARNINGS. See online help for details.
  f:\standalonesdk\include\10.0.10240.0\ucrt\stdio.h(1270): note: see declaration of 'scanf'
c:\users\bossu\desktop\oop-lab2-3\consoleapplication3\ui.cpp(139): warning C4996: 'scanf': This function or variable may be unsafe. Consider using scanf_s instead. To disable deprecation, use _CRT_SECURE_NO_WARNINGS. See online help for details.
  f:\standalonesdk\include\10.0.10240.0\ucrt\stdio.h(1270): note: see declaration of 'scanf'
c:\users\bossu\desktop\oop-lab2-3\consoleapplication3\ui.cpp(141): warning C4996: 'scanf': This function or variable may be unsafe. Consider using scanf_s instead. To disable deprecation, use _CRT_SECURE_NO_WARNINGS. See online help for details.
  f:\standalonesdk\include\10.0.10240.0\ucrt\stdio.h(1270): note: see declaration of 'scanf'
c:\users\bossu\desktop\oop-lab2-3\consoleapplication3\ui.cpp(143): warning C4996: 'scanf': This function or variable may be unsafe. Consider using scanf_s instead. To disable deprecation, use _CRT_SECURE_NO_WARNINGS. See online help for details.
  f:\standalonesdk\include\10.0.10240.0\ucrt\stdio.h(1270): note: see declaration of 'scanf'
c:\users\bossu\desktop\oop-lab2-3\consoleapplication3\ui.cpp(158): warning C4996: 'scanf': This function or variable may be unsafe. Consider using scanf_s instead. To disable deprecation, use _CRT_SECURE_NO_WARNINGS. See online help for details.
  f:\standalonesdk\include\10.0.10240.0\ucrt\stdio.h(1270): note: see declaration of 'scanf'
c:\users\bossu\desktop\oop-lab2-3\consoleapplication3\ui.cpp(19): warning C4101: 'commandSplit': unreferenced local variable
c:\users\bossu\desktop\oop-lab2-3\consoleapplication3\ui.cpp(169): warning C4996: 'scanf': This function or variable may be unsafe. Consider using scanf_s instead. To disable deprecation, use _CRT_SECURE_NO_WARNINGS. See online help for details.
  f:\standalonesdk\include\10.0.10240.0\ucrt\stdio.h(1270): note: see declaration of 'scanf'
c:\users\bossu\desktop\oop-lab2-3\consoleapplication3\ui.cpp(176): warning C4996: 'strtok': This function or variable may be unsafe. Consider using strtok_s instead. To disable deprecation, use _CRT_SECURE_NO_WARNINGS. See online help for details.
  f:\standalonesdk\include\10.0.10240.0\ucrt\string.h(453): note: see declaration of 'strtok'
c:\users\bossu\desktop\oop-lab2-3\consoleapplication3\ui.cpp(182): warning C4996: 'strcpy': This function or variable may be unsafe. Consider using strcpy_s instead. To disable deprecation, use _CRT_SECURE_NO_WARNINGS. See online help for details.
  f:\standalonesdk\include\10.0.10240.0\ucrt\string.h(119): note: see declaration of 'strcpy'
c:\users\bossu\desktop\oop-lab2-3\consoleapplication3\ui.cpp(183): warning C4996: 'strtok': This function or variable may be unsafe. Consider using strtok_s instead. To disable deprecation, use _CRT_SECURE_NO_WARNINGS. See online help for details.
  f:\standalonesdk\include\10.0.10240.0\ucrt\string.h(453): note: see declaration of 'strtok'
c:\users\bossu\desktop\oop-lab2-3\consoleapplication3\ui.cpp(185): warning C4996: 'strcpy': This function or variable may be unsafe. Consider using strcpy_s instead. To disable deprecation, use _CRT_SECURE_NO_WARNINGS. See online help for details.
  f:\standalonesdk\include\10.0.10240.0\ucrt\string.h(119): note: see declaration of 'strcpy'
c:\users\bossu\desktop\oop-lab2-3\consoleapplication3\ui.cpp(262): warning C4101: 'j': unreferenced local variable
c:\users\bossu\desktop\oop-lab2-3\consoleapplication3\ui.cpp(280): warning C4996: 'scanf': This function or variable may be unsafe. Consider using scanf_s instead. To disable deprecation, use _CRT_SECURE_NO_WARNINGS. See online help for details.
  f:\standalonesdk\include\10.0.10240.0\ucrt\stdio.h(1270): note: see declaration of 'scanf'
c:\users\bossu\desktop\oop-lab2-3\consoleapplication3\ui.cpp(283): warning C4996: 'scanf': This function or variable may be unsafe. Consider using scanf_s instead. To disable deprecation, use _CRT_SECURE_NO_WARNINGS. See online help for details.
  f:\standalonesdk\include\10.0.10240.0\ucrt\stdio.h(1270): note: see declaration of 'scanf'
c:\users\bossu\desktop\oop-lab2-3\consoleapplication3\ui.cpp(286): warning C4996: 'scanf': This function or variable may be unsafe. Consider using scanf_s instead. To disable deprecation, use _CRT_SECURE_NO_WARNINGS. See online help for details.
  f:\standalonesdk\include\10.0.10240.0\ucrt\stdio.h(1270): note: see declaration of 'scanf'
c:\users\bossu\desktop\oop-lab2-3\consoleapplication3\ui.cpp(291): warning C4996: 'strcpy': This function or variable may be unsafe. Consider using strcpy_s instead. To disable deprecation, use _CRT_SECURE_NO_WARNINGS. See online help for details.
  f:\standalonesdk\include\10.0.10240.0\ucrt\string.h(119): note: see declaration of 'strcpy'
c:\users\bossu\desktop\oop-lab2-3\consoleapplication3\ui.cpp(292): warning C4996: 'strcpy': This function or variable may be unsafe. Consider using strcpy_s instead. To disable deprecation, use _CRT_SECURE_NO_WARNINGS. See online help for details.
  f:\standalonesdk\include\10.0.10240.0\ucrt\string.h(119): note: see declaration of 'strcpy'
  Source.cpp
c:\users\bossu\desktop\oop-lab2-3\consoleapplication3\domaincountry.h(16): warning C4091: 'typedef ': ignored on left of 'Country' when no variable is declared
c:\users\bossu\desktop\oop-lab2-3\consoleapplication3\domaincountry.h(23): warning C4091: 'typedef ': ignored on left of 'Operation' when no variable is declared
c:\users\bossu\desktop\oop-lab2-3\consoleapplication3\repo.h(13): warning C4091: 'typedef ': ignored on left of 'countryRepo' when no variable is declared
c:\users\bossu\desktop\oop-lab2-3\consoleapplication3\controller.h(9): warning C4091: 'typedef ': ignored on left of 'Controller' when no variable is declared
c:\users\bossu\desktop\oop-lab2-3\consoleapplication3\ui.h(10): warning C4091: 'typedef ': ignored on left of 'UI' when no variable is declared
  Repo.cpp
c:\users\bossu\desktop\oop-lab2-3\consoleapplication3\domaincountry.h(16): warning C4091: 'typedef ': ignored on left of 'Country' when no variable is declared
c:\users\bossu\desktop\oop-lab2-3\consoleapplication3\domaincountry.h(23): warning C4091: 'typedef ': ignored on left of 'Operation' when no variable is declared
c:\users\bossu\desktop\oop-lab2-3\consoleapplication3\repo.h(13): warning C4091: 'typedef ': ignored on left of 'countryRepo' when no variable is declared
c:\users\bossu\desktop\oop-lab2-3\consoleapplication3\repo.cpp(72): warning C4996: 'strcpy': This function or variable may be unsafe. Consider using strcpy_s instead. To disable deprecation, use _CRT_SECURE_NO_WARNINGS. See online help for details.
  f:\standalonesdk\include\10.0.10240.0\ucrt\string.h(119): note: see declaration of 'strcpy'
  DomainCountry.cpp
c:\users\bossu\desktop\oop-lab2-3\consoleapplication3\domaincountry.h(16): warning C4091: 'typedef ': ignored on left of 'Country' when no variable is declared
c:\users\bossu\desktop\oop-lab2-3\consoleapplication3\domaincountry.h(23): warning C4091: 'typedef ': ignored on left of 'Operation' when no variable is declared
  Controller.cpp
c:\users\bossu\desktop\oop-lab2-3\consoleapplication3\domaincountry.h(16): warning C4091: 'typedef ': ignored on left of 'Country' when no variable is declared
c:\users\bossu\desktop\oop-lab2-3\consoleapplication3\domaincountry.h(23): warning C4091: 'typedef ': ignored on left of 'Operation' when no variable is declared
c:\users\bossu\desktop\oop-lab2-3\consoleapplication3\repo.h(13): warning C4091: 'typedef ': ignored on left of 'countryRepo' when no variable is declared
c:\users\bossu\desktop\oop-lab2-3\consoleapplication3\controller.h(9): warning C4091: 'typedef ': ignored on left of 'Controller' when no variable is declared
  Generating Code...
c:\users\bossu\desktop\oop-lab2-3\consoleapplication3\repo.cpp(124): warning C4715: 'get_country': not all control paths return a value
Source.obj : error LNK2019: unresolved external symbol "void __cdecl repoTest(void)" (?repoTest@@YAXXZ) referenced in function main
Source.obj : error LNK2019: unresolved external symbol "void __cdecl ctrlTest(void)" (?ctrlTest@@YAXXZ) referenced in function main
C:\Users\Bossu\Desktop\OOP-Lab2-3\x64\Debug\ConsoleApplication3.exe : fatal error LNK1120: 2 unresolved externals
